
===============================================================================.

Info: Global design data:
      Total globals:                       5
      Globals that cannot be demoted:      1
      Globals considered for demotion:     4


Info: List of globals that cannot be demoted:
    CLK    ASYN   DATA   Instance Name
    ---    ----   ----   -------------
    1415   0      2      'top_sb_0/CCC_0/GL0_INST'

Info: List of globals considered for demotion:
    CLK    ASYN   DATA   Instance Name
    ---    ----   ----   -------------
    9      0      0      'top_sb_0/FABOSC_0/I_RCOSC_25_50MHZ_FAB_CLKINT'
    0      1226   0      'neorv32_ProcessorTop_Minimal_0/neorv32_inst/rstn_sys_RNI3A74'
    0      58     0      'top_sb_0/CORERESETP_0/MSS_HPMS_READY_int_rep_RNIBTFF'
    0      20     0      'top_sb_0/CORERESETP_0/sm0_areset_n_clk_base_RNIGLBB'

Info: Demotion information:
Info: CMPG4-302: Added 0 row global instances.
Info: CMPG4-303: Deleted 0 global instances.

===============================================================================.

