Synplify Pro (R) Job Log
Date: 14:46:34    21-Oct-2024
Install Directory: /usr/local/microchip/Libero_SoC_v2023.1/SynplifyPro

JobFlow: synthesis
   Run Start Time: 14:46:34
   Runtime: 00s
   Executable Run Time: 0 - (Sum of all child executables)
   Current Working Directory: /home/tycho/git/NEORV32-SRAM/neorv32-sf2-with-sram/synthesis

   JobFlow: synthesis
      Run Start Time: 14:46:34
      Runtime: 00s
      Executable Run Time: 0 - (Sum of all child executables)

      JobFlow: compile
         Run Start Time: 14:46:34
         Runtime: 00s
         Executable Run Time: 0 - (Sum of all child executables)

         JobFlow: compile_flow
            Run Start Time: 14:46:34
            Runtime: 00s
            Executable Run Time: 0 - (Sum of all child executables)

            Job: compiler
               executable: bin/c_hdl
               Run Directory: /home/tycho/git/NEORV32-SRAM/neorv32-sf2-with-sram/synthesis
               Run State: complete
               Return Code: 2
               Has Errors: yes
               Run Start Time: 14:46:34
               Run Time: 00s
               Executable Run Time: 0 - (Executable run time excluding UI processing)
               Memory Usage: 2.804 MB
               Up-to-date (run skipped): no
               CDPL: off

            Job: multi_srs_gen
               executable: bin/syn_nfilter
               Run Directory: /home/tycho/git/NEORV32-SRAM/neorv32-sf2-with-sram/synthesis
               Run State: Canceled
               Return Code: -
               Has Errors: yes
               Run Start Time: -
               Run Time: 00s
               Executable Run Time: 0 - (Executable run time excluding UI processing)
               Memory Usage: -
               Up-to-date (run skipped): no
               CDPL: off

         Job: premap
            executable: bin/m_generic
            Run Directory: /home/tycho/git/NEORV32-SRAM/neorv32-sf2-with-sram/synthesis
            Run State: Canceled
            Return Code: -
            Has Errors: yes
            Run Start Time: -
            Run Time: 00s
            Executable Run Time: 0 - (Executable run time excluding UI processing)
            Memory Usage: -
            Up-to-date (run skipped): no
            CDPL: off

      JobFlow: map
         Run Start Time: -
         Runtime: 00s
         Executable Run Time: 0 - (Sum of all child executables)

         Job: fpga_mapper
            executable: bin/m_generic
            Run Directory: /home/tycho/git/NEORV32-SRAM/neorv32-sf2-with-sram/synthesis
            Run State: Canceled
            Return Code: -
            Has Errors: yes
            Run Start Time: -
            Run Time: 00s
            Executable Run Time: 0 - (Executable run time excluding UI processing)
            Memory Usage: -
            Up-to-date (run skipped): no
            CDPL: off
