Synplify Pro (R) Job Log
Date: 15:52:53    03-Oct-2024
Install Directory: /usr/local/microchip/Libero_SoC_v2023.1/SynplifyPro

JobFlow: synthesis
   Run Start Time: 15:52:32
   Runtime: 21s
   Executable Run Time: 20 - (Sum of all child executables)
   Current Working Directory: /home/tycho/git/NEORV32-SRAM/neorv32-sf2-with-envm/prj_dir/synthesis

   JobFlow: synthesis
      Run Start Time: 15:52:32
      Runtime: 21s
      Executable Run Time: 20 - (Sum of all child executables)

      JobFlow: compile
         Run Start Time: 15:52:32
         Runtime: 09s
         Executable Run Time: 8 - (Sum of all child executables)

         JobFlow: compile_flow
            Run Start Time: 15:52:32
            Runtime: 06s
            Executable Run Time: 5 - (Sum of all child executables)

            Job: compiler
               executable: bin/c_hdl
               Run Directory: /home/tycho/git/NEORV32-SRAM/neorv32-sf2-with-envm/prj_dir/synthesis
               Run State: complete
               Return Code: 0
               Has Errors: no
               Run Start Time: 15:52:32
               Run Time: 06s
               Executable Run Time: 5 - (Executable run time excluding UI processing)
               Memory Usage: 2.804 MB
               Up-to-date (run skipped): no
               CDPL: off

            Job: multi_srs_gen
               executable: bin/syn_nfilter
               Run Directory: /home/tycho/git/NEORV32-SRAM/neorv32-sf2-with-envm/prj_dir/synthesis
               Run State: complete
               Return Code: 0
               Has Errors: no
               Run Start Time: 15:52:38
               Run Time: 00s
               Executable Run Time: 0 - (Executable run time excluding UI processing)
               Memory Usage: 2.804 MB
               Up-to-date (run skipped): no
               CDPL: off

         Job: premap
            executable: bin/m_generic
            Run Directory: /home/tycho/git/NEORV32-SRAM/neorv32-sf2-with-envm/prj_dir/synthesis
            Run State: complete
            Return Code: 1
            Has Errors: no
            Run Start Time: 15:52:38
            Run Time: 03s
            Executable Run Time: 3 - (Executable run time excluding UI processing)
            Memory Usage: 2.808 MB
            Up-to-date (run skipped): no
            CDPL: off

      JobFlow: map
         Run Start Time: 15:52:41
         Runtime: 12s
         Executable Run Time: 12 - (Sum of all child executables)

         Job: fpga_mapper
            executable: bin/m_generic
            Run Directory: /home/tycho/git/NEORV32-SRAM/neorv32-sf2-with-envm/prj_dir/synthesis
            Run State: complete
            Return Code: 1
            Has Errors: no
            Run Start Time: 15:52:41
            Run Time: 12s
            Executable Run Time: 12 - (Executable run time excluding UI processing)
            Memory Usage: 2.808 MB
            Up-to-date (run skipped): no
            CDPL: off
