Synplify Pro (R) Job Log
Date: 16:01:32    21-Oct-2024
Install Directory: /usr/local/microchip/Libero_SoC_v2023.1/SynplifyPro

JobFlow: synthesis
   Run Start Time: 16:01:11
   Runtime: 21s
   Executable Run Time: 21 - (Sum of all child executables)
   Current Working Directory: /home/tycho/git/NEORV32-SRAM/neorv32-sf2-with-sram/prj_dir/synthesis

   JobFlow: synthesis
      Run Start Time: 16:01:11
      Runtime: 21s
      Executable Run Time: 21 - (Sum of all child executables)

      JobFlow: compile
         Run Start Time: 16:01:11
         Runtime: 03s
         Executable Run Time: 3 - (Sum of all child executables)

         JobFlow: compile_flow
            Run Start Time: 16:01:11
            Runtime: 01s
            Executable Run Time: 1 - (Sum of all child executables)

            Job: compiler
               executable: bin/c_hdl
               Run Directory: /home/tycho/git/NEORV32-SRAM/neorv32-sf2-with-sram/prj_dir/synthesis
               Run State: complete
               Return Code: 0
               Has Errors: no
               Run Start Time: 16:01:11
               Run Time: 01s
               Executable Run Time: 1 - (Executable run time excluding UI processing)
               Memory Usage: 2.804 MB
               Up-to-date (run skipped): no
               CDPL: off

            Job: multi_srs_gen
               executable: bin/syn_nfilter
               Run Directory: /home/tycho/git/NEORV32-SRAM/neorv32-sf2-with-sram/prj_dir/synthesis
               Run State: complete
               Return Code: 0
               Has Errors: no
               Run Start Time: 16:01:12
               Run Time: 00s
               Executable Run Time: 0 - (Executable run time excluding UI processing)
               Memory Usage: -
               Up-to-date (run skipped): yes
               CDPL: off

         Job: premap
            executable: bin/m_generic
            Run Directory: /home/tycho/git/NEORV32-SRAM/neorv32-sf2-with-sram/prj_dir/synthesis
            Run State: complete
            Return Code: 1
            Has Errors: no
            Run Start Time: 16:01:12
            Run Time: 02s
            Executable Run Time: 2 - (Executable run time excluding UI processing)
            Memory Usage: 2.808 MB
            Up-to-date (run skipped): no
            CDPL: off

      JobFlow: map
         Run Start Time: 16:01:14
         Runtime: 18s
         Executable Run Time: 18 - (Sum of all child executables)

         Job: fpga_mapper
            executable: bin/m_generic
            Run Directory: /home/tycho/git/NEORV32-SRAM/neorv32-sf2-with-sram/prj_dir/synthesis
            Run State: complete
            Return Code: 1
            Has Errors: no
            Run Start Time: 16:01:14
            Run Time: 18s
            Executable Run Time: 18 - (Executable run time excluding UI processing)
            Memory Usage: 2.808 MB
            Up-to-date (run skipped): no
            CDPL: off
