
                               Synplify Pro (R) 

               Version T-2022.09M-SP2 for linux64 - Mar 08, 2023 

                    Copyright (c) 1988 - 2023 Synopsys, Inc.
   This software and the associated documentation are proprietary to Synopsys,
 Inc. This software may only be used in accordance with the terms and conditions
 of a written license agreement with Synopsys, Inc. All other use, reproduction,
   or distribution of this software is strictly prohibited.  Licensed Products
     communicate with Synopsys servers for the purpose of providing software
    updates, detecting software piracy and verifying that customers are using
    Licensed Products in conformity with the applicable License Key for such
  Licensed Products. Synopsys will use information gathered in connection with
    this process to deliver software updates and pursue software pirates and
                                   infringers.

 Inclusivity & Diversity - Visit SolvNetPlus to read the "Synopsys Statement on
            Inclusivity and Diversity" (Refer to article 000036315 at
                        https://solvnetplus.synopsys.com)

Starting:    /usr/local/microchip/Libero_SoC_v2023.1/SynplifyPro/linux_a_64/mbin/synbatch
Install:     /usr/local/microchip/Libero_SoC_v2023.1/SynplifyPro
Hostname:    ideapad
Date:        Wed Oct 23 16:26:13 2024
Version:     T-2022.09M-SP2

Arguments:   -product synplify_pro -licensetype synplifypro_actel -batch -log synplify.log top_sd_syn.tcl
ProductType: synplify_pro

License checkout: synplifypro_actel
License: synplifypro_actel from server ideapad 
Licensed Vendor: actel
License Option: actel_oem

Running in Vendor Mode

use_module_idb is not supported in current product.
auto_infer_blackbox is not supported in current product.
log file: "/home/tycho/git/NEORV32-SRAM/neorv32-sf2-with-sram/prj_dir/synthesis/top_sd.srr"
Running: synthesis in foreground

Running top_sd_syn|synthesis

Running Flow: compile (Compile) on top_sd_syn|synthesis
# Wed Oct 23 16:26:13 2024

Running Flow: compile_flow (Compile Process) on top_sd_syn|synthesis
# Wed Oct 23 16:26:13 2024

Running: compiler (Compile Input) on top_sd_syn|synthesis
# Wed Oct 23 16:26:13 2024
Process ID: 157506
Copied /home/tycho/git/NEORV32-SRAM/neorv32-sf2-with-sram/prj_dir/synthesis/synwork/top_sd_comp.srs to /home/tycho/git/NEORV32-SRAM/neorv32-sf2-with-sram/prj_dir/synthesis/top_sd.srs

compiler completed
# Wed Oct 23 16:26:18 2024

Return Code: 0
Run Time:00h:00m:04s

Running: multi_srs_gen (Multi-srs Generator) on top_sd_syn|synthesis
# Wed Oct 23 16:26:18 2024
Process ID: 157570

multi_srs_gen completed
# Wed Oct 23 16:26:18 2024

Return Code: 0
Run Time:00h:00m:00s
Copied /home/tycho/git/NEORV32-SRAM/neorv32-sf2-with-sram/prj_dir/synthesis/synwork/top_sd_mult.srs to /home/tycho/git/NEORV32-SRAM/neorv32-sf2-with-sram/prj_dir/synthesis/top_sd.srs
Complete: Compile Process on top_sd_syn|synthesis

Running: premap (Premap) on top_sd_syn|synthesis
# Wed Oct 23 16:26:18 2024
Process ID: 157586

premap completed with warnings
# Wed Oct 23 16:26:20 2024

Return Code: 1
Run Time:00h:00m:02s
Complete: Compile on top_sd_syn|synthesis

Running Flow: map (Map) on top_sd_syn|synthesis
# Wed Oct 23 16:26:20 2024
License granted for 4 parallel jobs

Running: fpga_mapper (Map & Optimize) on top_sd_syn|synthesis
# Wed Oct 23 16:26:20 2024
Process ID: 157601
Copied /home/tycho/git/NEORV32-SRAM/neorv32-sf2-with-sram/prj_dir/synthesis/synwork/top_sd_m.srm to /home/tycho/git/NEORV32-SRAM/neorv32-sf2-with-sram/prj_dir/synthesis/top_sd.srm

fpga_mapper completed with warnings
# Wed Oct 23 16:26:31 2024

Return Code: 1
Run Time:00h:00m:11s
Complete: Map on top_sd_syn|synthesis
Complete: Logic Synthesis on top_sd_syn|synthesis
TCL script complete: "top_sd_syn.tcl"
exit status=0
exit status=0
License checkin: synplifypro_actel
