
Copyright (C) 1994-2022 Synopsys, Inc.
This Synopsys software and all associated documentation are proprietary to Synopsys, Inc.
and may only be used pursuant to the terms and conditions of a written license agreement
with Synopsys, Inc. All other use, reproduction, modification, or distribution of the
Synopsys software or the associated documentation is strictly prohibited.
Tool: Synplify Pro (R)
Build: T-2022.09M-SP2
Install: /usr/local/microchip/Libero_SoC_v2023.1/SynplifyPro
OS: Ubuntu 24.04.1 LTS
Hostname: ideapad
max virtual memory: unlimited (bytes)
max user processes: 30975
max stack size: 8388608 (bytes)


Implementation : synthesis

# Written on Wed Oct 23 16:26:20 2024

##### DESIGN INFO #######################################################

Top View:                "top_sd"
Constraint File(s):      "/home/tycho/git/NEORV32-SRAM/neorv32-sf2-with-sram/prj_dir/designer/top_sd/synthesis.fdc"




##### SUMMARY ############################################################

Found 1 issues in 1 out of 3 constraints


##### DETAILS ############################################################



Clock Relationships
*******************

Starting                    Ending                      |     rise to rise     |     fall to fall     |     rise to fall     |     fall to rise                     
-------------------------------------------------------------------------------------------------------------------------------------------------------------------
System                      FCCC_C0_0/FCCC_C0_0/GL0     |     100.000          |     No paths         |     100.000          |     No paths                         
FCCC_C0_0/FCCC_C0_0/GL0     FCCC_C0_0/FCCC_C0_0/GL0     |     100.000          |     100.000          |     No paths         |     50.000                           
===================================================================================================================================================================
 Note: 'No paths' indicates there are no paths in the design for that pair of clock edges.
       'Diff grp' indicates that paths exist but the starting clock and ending clock are in different clock groups.


Unconstrained Start/End Points
******************************

p:DEVRST_N
p:UART_RX
p:UART_TX
p:led0
p:led1
p:led2
p:led3
p:led4
p:led5
p:led6
p:led7


Inapplicable constraints
************************

(none)


Applicable constraints with issues
**********************************

create_generated_clock -name FCCC_C0_0/FCCC_C0_0/GL0 -multiply_by 2 -divide_by 10 -source [get_pins { FCCC_C0_0.FCCC_C0_0.CCC_INST.RCOSC_25_50MHZ }] [get_pins { FCCC_C0_0.FCCC_C0_0.CCC_INST.GL0 }]
	@W:MT688:"/home/tycho/git/NEORV32-SRAM/neorv32-sf2-with-sram/prj_dir/designer/top_sd/synthesis.fdc":8:0:8:0|No path from master pin (-source) to source of clock FCCC_C0_0/FCCC_C0_0/GL0 due to black box FCCC_C0_0.FCCC_C0_0.CCC_INST

Constraints with matching wildcard expressions
**********************************************

(none)


Library Report
**************


# End of Constraint Checker Report
