/usr/local/microchip/Libero_SoC_v2023.1/SynplifyPro/bin/c_hdl  -osyn  /home/tycho/git/NEORV32-SRAM/neorv32-sf2-with-sram/prj_dir/synthesis/synwork/top_sd_comp.srs  -top  work.top_sd  -hdllog  /home/tycho/git/NEORV32-SRAM/neorv32-sf2-with-sram/prj_dir/synthesis/synlog/top_sd_compiler.srr  -encrypt  -mp  4  -verification_mode 0  -vhdl  -prodtype  synplify_pro   -infer_seqShift -primux -dspmac -pqdpadd -fixsmult -sdff_counter -divnmod -nram  -actel -work_is_curlib 1  -encrypt  -pro  -dmgen  /home/tycho/git/NEORV32-SRAM/neorv32-sf2-with-sram/prj_dir/synthesis/dm  -lite -ui -fid2 -ram -sharing on -ll 2000 -autosm  -vhdl2008 -work_is_curlib 1  -ignore_undefined_lib  -lib work /home/tycho/git/NEORV32-SRAM/neorv32-sf2-with-sram/prj_dir/component/work/FCCC_C0/FCCC_C0_0/FCCC_C0_FCCC_C0_0_FCCC.vhd -lib work /home/tycho/git/NEORV32-SRAM/neorv32-sf2-with-sram/prj_dir/component/work/FCCC_C0/FCCC_C0.vhd -lib work /home/tycho/git/NEORV32-SRAM/neorv32-sf2-with-sram/prj_dir/component/Actel/SgCore/OSC/2.0.101/osc_comps.vhd -lib work /home/tycho/git/NEORV32-SRAM/neorv32-sf2-with-sram/prj_dir/component/work/OSC_C0/OSC_C0_0/OSC_C0_OSC_C0_0_OSC.vhd -lib work /home/tycho/git/NEORV32-SRAM/neorv32-sf2-with-sram/prj_dir/component/work/OSC_C0/OSC_C0.vhd -lib neorv32 /home/tycho/git/NEORV32-SRAM/neorv32-sf2-with-sram/prj_dir/hdl/neorv32_package.vhd -lib neorv32 /home/tycho/git/NEORV32-SRAM/neorv32-sf2-with-sram/prj_dir/hdl/neorv32_intercon.vhd -lib neorv32 /home/tycho/git/NEORV32-SRAM/neorv32-sf2-with-sram/prj_dir/hdl/neorv32_cpu_cp_shifter.vhd -lib neorv32 /home/tycho/git/NEORV32-SRAM/neorv32-sf2-with-sram/prj_dir/hdl/neorv32_cpu_cp_bitmanip.vhd -lib neorv32 /home/tycho/git/NEORV32-SRAM/neorv32-sf2-with-sram/prj_dir/hdl/neorv32_cpu_cp_cfu.vhd -lib neorv32 /home/tycho/git/NEORV32-SRAM/neorv32-sf2-with-sram/prj_dir/hdl/neorv32_cpu_cp_cond.vhd -lib neorv32 /home/tycho/git/NEORV32-SRAM/neorv32-sf2-with-sram/prj_dir/hdl/neorv32_cpu_cp_fpu.vhd -lib neorv32 /home/tycho/git/NEORV32-SRAM/neorv32-sf2-with-sram/prj_dir/hdl/neorv32_cpu_cp_muldiv.vhd -lib neorv32 /home/tycho/git/NEORV32-SRAM/neorv32-sf2-with-sram/prj_dir/hdl/neorv32_cpu_alu.vhd -lib neorv32 /home/tycho/git/NEORV32-SRAM/neorv32-sf2-with-sram/prj_dir/hdl/neorv32_fifo.vhd -lib neorv32 /home/tycho/git/NEORV32-SRAM/neorv32-sf2-with-sram/prj_dir/hdl/neorv32_cpu_decompressor.vhd -lib neorv32 /home/tycho/git/NEORV32-SRAM/neorv32-sf2-with-sram/prj_dir/hdl/neorv32_cpu_control.vhd -lib neorv32 /home/tycho/git/NEORV32-SRAM/neorv32-sf2-with-sram/prj_dir/hdl/neorv32_cpu_lsu.vhd -lib neorv32 /home/tycho/git/NEORV32-SRAM/neorv32-sf2-with-sram/prj_dir/hdl/neorv32_cpu_regfile.vhd -lib neorv32 /home/tycho/git/NEORV32-SRAM/neorv32-sf2-with-sram/prj_dir/hdl/neorv32_cpu_pmp.vhd -lib neorv32 /home/tycho/git/NEORV32-SRAM/neorv32-sf2-with-sram/prj_dir/hdl/neorv32_cpu.vhd -lib neorv32 /home/tycho/git/NEORV32-SRAM/neorv32-sf2-with-sram/prj_dir/hdl/neorv32_dmem.entity.vhd -lib neorv32 /home/tycho/git/NEORV32-SRAM/neorv32-sf2-with-sram/prj_dir/hdl/neorv32_dmem.default.vhd -lib neorv32 /home/tycho/git/NEORV32-SRAM/neorv32-sf2-with-sram/prj_dir/hdl/neorv32_gpio.vhd -lib neorv32 /home/tycho/git/NEORV32-SRAM/neorv32-sf2-with-sram/prj_dir/hdl/neorv32_imem.entity.vhd -lib neorv32 /home/tycho/git/NEORV32-SRAM/neorv32-sf2-with-sram/prj_dir/hdl/neorv32_imem.default.vhd -lib neorv32 /home/tycho/git/NEORV32-SRAM/neorv32-sf2-with-sram/prj_dir/hdl/neorv32_sysinfo.vhd -lib neorv32 /home/tycho/git/NEORV32-SRAM/neorv32-sf2-with-sram/prj_dir/hdl/neorv32_uart.vhd -lib neorv32 /home/tycho/git/NEORV32-SRAM/neorv32-sf2-with-sram/prj_dir/hdl/neorv32_bootloader_image.vhd -lib neorv32 /home/tycho/git/NEORV32-SRAM/neorv32-sf2-with-sram/prj_dir/hdl/neorv32_boot_rom.vhd -lib neorv32 /home/tycho/git/NEORV32-SRAM/neorv32-sf2-with-sram/prj_dir/hdl/neorv32_cache.vhd -lib neorv32 /home/tycho/git/NEORV32-SRAM/neorv32-sf2-with-sram/prj_dir/hdl/neorv32_cfs.vhd -lib neorv32 /home/tycho/git/NEORV32-SRAM/neorv32-sf2-with-sram/prj_dir/hdl/neorv32_clockgate.vhd -lib neorv32 /home/tycho/git/NEORV32-SRAM/neorv32-sf2-with-sram/prj_dir/hdl/neorv32_crc.vhd -lib neorv32 /home/tycho/git/NEORV32-SRAM/neorv32-sf2-with-sram/prj_dir/hdl/neorv32_debug_dm.vhd -lib neorv32 /home/tycho/git/NEORV32-SRAM/neorv32-sf2-with-sram/prj_dir/hdl/neorv32_debug_dtm.vhd -lib neorv32 /home/tycho/git/NEORV32-SRAM/neorv32-sf2-with-sram/prj_dir/hdl/neorv32_dma.vhd -lib neorv32 /home/tycho/git/NEORV32-SRAM/neorv32-sf2-with-sram/prj_dir/hdl/neorv32_gptmr.vhd -lib neorv32 /home/tycho/git/NEORV32-SRAM/neorv32-sf2-with-sram/prj_dir/hdl/neorv32_mtime.vhd -lib neorv32 /home/tycho/git/NEORV32-SRAM/neorv32-sf2-with-sram/prj_dir/hdl/neorv32_neoled.vhd -lib neorv32 /home/tycho/git/NEORV32-SRAM/neorv32-sf2-with-sram/prj_dir/hdl/neorv32_onewire.vhd -lib neorv32 /home/tycho/git/NEORV32-SRAM/neorv32-sf2-with-sram/prj_dir/hdl/neorv32_pwm.vhd -lib neorv32 /home/tycho/git/NEORV32-SRAM/neorv32-sf2-with-sram/prj_dir/hdl/neorv32_sdi.vhd -lib neorv32 /home/tycho/git/NEORV32-SRAM/neorv32-sf2-with-sram/prj_dir/hdl/neorv32_slink.vhd -lib neorv32 /home/tycho/git/NEORV32-SRAM/neorv32-sf2-with-sram/prj_dir/hdl/neorv32_spi.vhd -lib neorv32 /home/tycho/git/NEORV32-SRAM/neorv32-sf2-with-sram/prj_dir/hdl/neorv32_trng.vhd -lib neorv32 /home/tycho/git/NEORV32-SRAM/neorv32-sf2-with-sram/prj_dir/hdl/neorv32_twi.vhd -lib neorv32 /home/tycho/git/NEORV32-SRAM/neorv32-sf2-with-sram/prj_dir/hdl/neorv32_wdt.vhd -lib neorv32 /home/tycho/git/NEORV32-SRAM/neorv32-sf2-with-sram/prj_dir/hdl/neorv32_xbus.vhd -lib neorv32 /home/tycho/git/NEORV32-SRAM/neorv32-sf2-with-sram/prj_dir/hdl/neorv32_xip.vhd -lib neorv32 /home/tycho/git/NEORV32-SRAM/neorv32-sf2-with-sram/prj_dir/hdl/neorv32_xirq.vhd -lib neorv32 /home/tycho/git/NEORV32-SRAM/neorv32-sf2-with-sram/prj_dir/hdl/neorv32_top.vhd -lib work /home/tycho/git/NEORV32-SRAM/neorv32-sf2-with-sram/prj_dir/hdl/neorv32_ProcessorTop_MinimalBoot.vhd -lib work /home/tycho/git/NEORV32-SRAM/neorv32-sf2-with-sram/prj_dir/component/work/top_sd/top_sd.vhd  -jobname  "compiler" 
relcom:/usr/local/microchip/Libero_SoC_v2023.1/SynplifyPro/bin/c_hdl -osyn ../synwork/top_sd_comp.srs -top work.top_sd -hdllog ../synlog/top_sd_compiler.srr -encrypt -mp 4 -verification_mode 0 -vhdl -prodtype synplify_pro -infer_seqShift -primux -dspmac -pqdpadd -fixsmult -sdff_counter -divnmod -nram -actel -work_is_curlib 1 -encrypt -pro -dmgen ../dm -lite -ui -fid2 -ram -sharing on -ll 2000 -autosm -vhdl2008 -work_is_curlib 1 -ignore_undefined_lib -lib work ../../component/work/FCCC_C0/FCCC_C0_0/FCCC_C0_FCCC_C0_0_FCCC.vhd -lib work ../../component/work/FCCC_C0/FCCC_C0.vhd -lib work ../../component/Actel/SgCore/OSC/2.0.101/osc_comps.vhd -lib work ../../component/work/OSC_C0/OSC_C0_0/OSC_C0_OSC_C0_0_OSC.vhd -lib work ../../component/work/OSC_C0/OSC_C0.vhd -lib neorv32 ../../hdl/neorv32_package.vhd -lib neorv32 ../../hdl/neorv32_intercon.vhd -lib neorv32 ../../hdl/neorv32_cpu_cp_shifter.vhd -lib neorv32 ../../hdl/neorv32_cpu_cp_bitmanip.vhd -lib neorv32 ../../hdl/neorv32_cpu_cp_cfu.vhd -lib neorv32 ../../hdl/neorv32_cpu_cp_cond.vhd -lib neorv32 ../../hdl/neorv32_cpu_cp_fpu.vhd -lib neorv32 ../../hdl/neorv32_cpu_cp_muldiv.vhd -lib neorv32 ../../hdl/neorv32_cpu_alu.vhd -lib neorv32 ../../hdl/neorv32_fifo.vhd -lib neorv32 ../../hdl/neorv32_cpu_decompressor.vhd -lib neorv32 ../../hdl/neorv32_cpu_control.vhd -lib neorv32 ../../hdl/neorv32_cpu_lsu.vhd -lib neorv32 ../../hdl/neorv32_cpu_regfile.vhd -lib neorv32 ../../hdl/neorv32_cpu_pmp.vhd -lib neorv32 ../../hdl/neorv32_cpu.vhd -lib neorv32 ../../hdl/neorv32_dmem.entity.vhd -lib neorv32 ../../hdl/neorv32_dmem.default.vhd -lib neorv32 ../../hdl/neorv32_gpio.vhd -lib neorv32 ../../hdl/neorv32_imem.entity.vhd -lib neorv32 ../../hdl/neorv32_imem.default.vhd -lib neorv32 ../../hdl/neorv32_sysinfo.vhd -lib neorv32 ../../hdl/neorv32_uart.vhd -lib neorv32 ../../hdl/neorv32_bootloader_image.vhd -lib neorv32 ../../hdl/neorv32_boot_rom.vhd -lib neorv32 ../../hdl/neorv32_cache.vhd -lib neorv32 ../../hdl/neorv32_cfs.vhd -lib neorv32 ../../hdl/neorv32_clockgate.vhd -lib neorv32 ../../hdl/neorv32_crc.vhd -lib neorv32 ../../hdl/neorv32_debug_dm.vhd -lib neorv32 ../../hdl/neorv32_debug_dtm.vhd -lib neorv32 ../../hdl/neorv32_dma.vhd -lib neorv32 ../../hdl/neorv32_gptmr.vhd -lib neorv32 ../../hdl/neorv32_mtime.vhd -lib neorv32 ../../hdl/neorv32_neoled.vhd -lib neorv32 ../../hdl/neorv32_onewire.vhd -lib neorv32 ../../hdl/neorv32_pwm.vhd -lib neorv32 ../../hdl/neorv32_sdi.vhd -lib neorv32 ../../hdl/neorv32_slink.vhd -lib neorv32 ../../hdl/neorv32_spi.vhd -lib neorv32 ../../hdl/neorv32_trng.vhd -lib neorv32 ../../hdl/neorv32_twi.vhd -lib neorv32 ../../hdl/neorv32_wdt.vhd -lib neorv32 ../../hdl/neorv32_xbus.vhd -lib neorv32 ../../hdl/neorv32_xip.vhd -lib neorv32 ../../hdl/neorv32_xirq.vhd -lib neorv32 ../../hdl/neorv32_top.vhd -lib work ../../hdl/neorv32_ProcessorTop_MinimalBoot.vhd -lib work ../../component/work/top_sd/top_sd.vhd -jobname "compiler"
rc:0 success:1 runtime:1
file:../synwork/top_sd_comp.srs|io:o|time:1729518923|size:117741|exec:0|csum:
file:../synlog/top_sd_compiler.srr|io:o|time:1729519272|size:132354|exec:0|csum:
file:../../component/work/FCCC_C0/FCCC_C0_0/FCCC_C0_FCCC_C0_0_FCCC.vhd|io:i|time:1729518913|size:5434|exec:0|csum:31927FAAFE48EF52C866B8134053A8AA
file:../../component/work/FCCC_C0/FCCC_C0.vhd|io:i|time:1729518914|size:7174|exec:0|csum:FB5014AA3AA50A8A5B13FE65039642A8
file:../../component/Actel/SgCore/OSC/2.0.101/osc_comps.vhd|io:i|time:1729518912|size:2164|exec:0|csum:C27C0C6223A4F3EA9037F8B61C4569C3
file:../../component/work/OSC_C0/OSC_C0_0/OSC_C0_OSC_C0_0_OSC.vhd|io:i|time:1729518912|size:856|exec:0|csum:EC6DBE44EC4525F4FCC417EAF6B86917
file:../../component/work/OSC_C0/OSC_C0.vhd|io:i|time:1729518912|size:4212|exec:0|csum:7D5DBAE50BD68698C31B30597219922D
file:../../hdl/neorv32_package.vhd|io:i|time:1729518910|size:76270|exec:0|csum:E8EB2B45312B4012F42B482F9CA8F193
file:../../hdl/neorv32_intercon.vhd|io:i|time:1729518910|size:34172|exec:0|csum:F59845BC854BCFFD2A62E57087531D50
file:../../hdl/neorv32_cpu_cp_shifter.vhd|io:i|time:1729518910|size:6008|exec:0|csum:4213F8E900BE3B38BCAA96A017B6A5E8
file:../../hdl/neorv32_cpu_cp_bitmanip.vhd|io:i|time:1729518910|size:19796|exec:0|csum:06ED2BAA305701C1C8F3AD97877038AC
file:../../hdl/neorv32_cpu_cp_cfu.vhd|io:i|time:1729518910|size:17175|exec:0|csum:36A717066E03D52B73739F94FFEF1664
file:../../hdl/neorv32_cpu_cp_cond.vhd|io:i|time:1729518910|size:2431|exec:0|csum:216DD312A9BCFC0C4F3AD5B79DDA5F30
file:../../hdl/neorv32_cpu_cp_fpu.vhd|io:i|time:1729518910|size:121550|exec:0|csum:971E6556A90B4CD8170A6EF8DFDA055C
file:../../hdl/neorv32_cpu_cp_muldiv.vhd|io:i|time:1729518910|size:13280|exec:0|csum:99232A9A47C361C074C45B9B1A58322B
file:../../hdl/neorv32_cpu_alu.vhd|io:i|time:1729518910|size:17268|exec:0|csum:3FDEB29EA3DD0664168399498DCBD61F
file:../../hdl/neorv32_fifo.vhd|io:i|time:1729518910|size:9082|exec:0|csum:74C016C234A72006E9558014FC88FE2A
file:../../hdl/neorv32_cpu_decompressor.vhd|io:i|time:1729518910|size:26720|exec:0|csum:C9BACFC207717764307C2470C78A4176
file:../../hdl/neorv32_cpu_control.vhd|io:i|time:1729518910|size:132379|exec:0|csum:DE5AF28C3DDB81C061B87F13FA8E040E
file:../../hdl/neorv32_cpu_lsu.vhd|io:i|time:1729518910|size:8488|exec:0|csum:8AD17E6A1B10949322C6CDB88D60FAD1
file:../../hdl/neorv32_cpu_regfile.vhd|io:i|time:1729518910|size:7177|exec:0|csum:C2A24356A584C05DAB4749F96F0C769B
file:../../hdl/neorv32_cpu_pmp.vhd|io:i|time:1729518910|size:17194|exec:0|csum:1662A9647F3EC34AE53DFA79597B83B5
file:../../hdl/neorv32_cpu.vhd|io:i|time:1729518910|size:21156|exec:0|csum:21C2FF9D37863C2B51694D7B084AC2F9
file:../../hdl/neorv32_dmem.entity.vhd|io:i|time:1729518910|size:1287|exec:0|csum:DC43D562968B5F1862FCEDC4FD6C2A92
file:../../hdl/neorv32_dmem.default.vhd|io:i|time:1729518910|size:3751|exec:0|csum:5D139B1736A3B46C13EC6E4E79A353E2
file:../../hdl/neorv32_gpio.vhd|io:i|time:1729518910|size:3532|exec:0|csum:94607661BB6C3236506426E479C5B851
file:../../hdl/neorv32_imem.entity.vhd|io:i|time:1729518910|size:1374|exec:0|csum:F34EC48F4EE177A1E637E0BD40FD9BFC
file:../../hdl/neorv32_imem.default.vhd|io:i|time:1729518910|size:5546|exec:0|csum:34A0C0C9AB14EFC53107E4BFED197990
file:../../hdl/neorv32_sysinfo.vhd|io:i|time:1729518910|size:11955|exec:0|csum:FBE4F49E019F5D3F856D21F60C2368A4
file:../../hdl/neorv32_uart.vhd|io:i|time:1729518910|size:22094|exec:0|csum:9FAA8BEEADC40563CBF2DCB04008ED35
file:../../hdl/neorv32_bootloader_image.vhd|io:i|time:1729518910|size:13650|exec:0|csum:F3CAED346FA07DCA722BA3D8D000FDDE
file:../../hdl/neorv32_boot_rom.vhd|io:i|time:1729518910|size:2965|exec:0|csum:819A8183129DEA04BC04EF18E426B26E
file:../../hdl/neorv32_cache.vhd|io:i|time:1729518910|size:43451|exec:0|csum:4EB9FB8001EF2AF77197CF0D26F2450B
file:../../hdl/neorv32_cfs.vhd|io:i|time:1729518910|size:12064|exec:0|csum:0226E9E4F47C0FB2FD77D18D11BC144F
file:../../hdl/neorv32_clockgate.vhd|io:i|time:1729518910|size:2494|exec:0|csum:01E7248A5A7254EAB0123CC179E583EB
file:../../hdl/neorv32_crc.vhd|io:i|time:1729518910|size:5191|exec:0|csum:9DB6D7E6DDCF391F7FCEAB42FFF26D91
file:../../hdl/neorv32_debug_dm.vhd|io:i|time:1729518910|size:34525|exec:0|csum:4263EB6BA4B64B849CC714F2C5431FDE
file:../../hdl/neorv32_debug_dtm.vhd|io:i|time:1729518910|size:14029|exec:0|csum:3C8FA7475E2BBD311BEE3970366261F1
file:../../hdl/neorv32_dma.vhd|io:i|time:1729518910|size:16296|exec:0|csum:551EC04A22E8681F2597CC01550A7F8E
file:../../hdl/neorv32_gptmr.vhd|io:i|time:1729518910|size:6388|exec:0|csum:8F359E6DE66A381244417ABBECE14B16
file:../../hdl/neorv32_mtime.vhd|io:i|time:1729518910|size:6302|exec:0|csum:A20A50E15B0FC3FB449770F5EF5E263D
file:../../hdl/neorv32_neoled.vhd|io:i|time:1729518910|size:15448|exec:0|csum:B7B83251846CFE899E220C8824E52C37
file:../../hdl/neorv32_onewire.vhd|io:i|time:1729518910|size:14039|exec:0|csum:532B54C4679B7C877A756BF6BCA41DC9
file:../../hdl/neorv32_pwm.vhd|io:i|time:1729518910|size:6339|exec:0|csum:808CBBE69209C611432F9BCD682D0EAB
file:../../hdl/neorv32_sdi.vhd|io:i|time:1729518910|size:13697|exec:0|csum:76C105D96B7CC966A48660027C9E1A38
file:../../hdl/neorv32_slink.vhd|io:i|time:1729518910|size:13815|exec:0|csum:AD7AD2E36EB7CE081265B7601D2E5F90
file:../../hdl/neorv32_spi.vhd|io:i|time:1729518910|size:16861|exec:0|csum:A2073D873BF6E93D0EC240E676AE7DA9
file:../../hdl/neorv32_trng.vhd|io:i|time:1729518910|size:26624|exec:0|csum:5F6270A6F4CEDDAB8E8131FE82727796
file:../../hdl/neorv32_twi.vhd|io:i|time:1729518910|size:16992|exec:0|csum:8A38B979A3297BB79D328FB39B4395C6
file:../../hdl/neorv32_wdt.vhd|io:i|time:1729518910|size:8047|exec:0|csum:1BF9EADC693AFE5B45C5B98FD55C57B5
file:../../hdl/neorv32_xbus.vhd|io:i|time:1729518910|size:5459|exec:0|csum:EE72312A225CD8BC2AE75BBE63682C5D
file:../../hdl/neorv32_xip.vhd|io:i|time:1729518910|size:25995|exec:0|csum:1D5E039B17274CE66EBADF7D747EE244
file:../../hdl/neorv32_xirq.vhd|io:i|time:1729518910|size:8000|exec:0|csum:E2B151CF4A9D2A8C002E872B507DF9C6
file:../../hdl/neorv32_top.vhd|io:i|time:1729518910|size:76747|exec:0|csum:3AB7363534DC5C28D00200A645C8E09C
file:../../hdl/neorv32_ProcessorTop_MinimalBoot.vhd|io:i|time:1729518910|size:8716|exec:0|csum:F4FB26F657AAAEDEA66770B526A661BA
file:../../component/work/top_sd/top_sd.vhd|io:i|time:1729518914|size:7153|exec:0|csum:788B004AEF0427F9EB83DB22748A79E9
file:/usr/local/microchip/Libero_SoC_v2023.1/SynplifyPro/linux_a_64/c_hdl|io:i|time:1679050979|size:10901800|exec:1|csum:EFCA8C09B8A3C0233206A0BD0615AB29
file:/usr/local/microchip/Libero_SoC_v2023.1/SynplifyPro/bin/c_hdl|io:i|time:1679050963|size:367|exec:1|csum:E52A0D56112AD6C22F02B648B6F508CE
