/usr/local/microchip/Libero_SoC_v2023.1/SynplifyPro/bin/c_hdl  -osyn  /home/tycho/git/NEORV32-SRAM/neorv32-sf2-with-envm/prj_dir/synthesis/synwork/top_comp.srs  -top  work.top  -hdllog  /home/tycho/git/NEORV32-SRAM/neorv32-sf2-with-envm/prj_dir/synthesis/synlog/top_compiler.srr  -encrypt  -mp  4  -verification_mode 0  -vhdl  -prodtype  synplify_pro   -infer_seqShift -primux -dspmac -pqdpadd -fixsmult -sdff_counter -divnmod -nram  -actel -work_is_curlib 1  -encrypt  -pro  -dmgen  /home/tycho/git/NEORV32-SRAM/neorv32-sf2-with-envm/prj_dir/synthesis/dm  -lite -ui -fid2 -ram -sharing on -ll 2000 -autosm  -vhdl2008 -work_is_curlib 1  -ignore_undefined_lib  -lib work /home/tycho/git/NEORV32-SRAM/neorv32-sf2-with-envm/prj_dir/hdl/WB2AHBL.vhd -lib neorv32 /home/tycho/git/NEORV32-SRAM/neorv32-sf2-with-envm/prj_dir/hdl/neorv32_package.vhd -lib neorv32 /home/tycho/git/NEORV32-SRAM/neorv32-sf2-with-envm/prj_dir/hdl/neorv32_intercon.vhd -lib neorv32 /home/tycho/git/NEORV32-SRAM/neorv32-sf2-with-envm/prj_dir/hdl/neorv32_cpu_cp_shifter.vhd -lib neorv32 /home/tycho/git/NEORV32-SRAM/neorv32-sf2-with-envm/prj_dir/hdl/neorv32_cpu_cp_bitmanip.vhd -lib neorv32 /home/tycho/git/NEORV32-SRAM/neorv32-sf2-with-envm/prj_dir/hdl/neorv32_cpu_cp_cfu.vhd -lib neorv32 /home/tycho/git/NEORV32-SRAM/neorv32-sf2-with-envm/prj_dir/hdl/neorv32_cpu_cp_fpu.vhd -lib neorv32 /home/tycho/git/NEORV32-SRAM/neorv32-sf2-with-envm/prj_dir/hdl/neorv32_cpu_cp_muldiv.vhd -lib neorv32 /home/tycho/git/NEORV32-SRAM/neorv32-sf2-with-envm/prj_dir/hdl/neorv32_cpu_alu.vhd -lib neorv32 /home/tycho/git/NEORV32-SRAM/neorv32-sf2-with-envm/prj_dir/hdl/neorv32_fifo.vhd -lib neorv32 /home/tycho/git/NEORV32-SRAM/neorv32-sf2-with-envm/prj_dir/hdl/neorv32_cpu_decompressor.vhd -lib neorv32 /home/tycho/git/NEORV32-SRAM/neorv32-sf2-with-envm/prj_dir/hdl/neorv32_cpu_control.vhd -lib neorv32 /home/tycho/git/NEORV32-SRAM/neorv32-sf2-with-envm/prj_dir/hdl/neorv32_cpu_lsu.vhd -lib neorv32 /home/tycho/git/NEORV32-SRAM/neorv32-sf2-with-envm/prj_dir/hdl/neorv32_cpu_regfile.vhd -lib neorv32 /home/tycho/git/NEORV32-SRAM/neorv32-sf2-with-envm/prj_dir/hdl/neorv32_cpu_pmp.vhd -lib neorv32 /home/tycho/git/NEORV32-SRAM/neorv32-sf2-with-envm/prj_dir/hdl/neorv32_cpu.vhd -lib neorv32 /home/tycho/git/NEORV32-SRAM/neorv32-sf2-with-envm/prj_dir/hdl/neorv32_dmem.entity.vhd -lib neorv32 /home/tycho/git/NEORV32-SRAM/neorv32-sf2-with-envm/prj_dir/hdl/neorv32_dmem.default.vhd -lib neorv32 /home/tycho/git/NEORV32-SRAM/neorv32-sf2-with-envm/prj_dir/hdl/neorv32_gpio.vhd -lib neorv32 /home/tycho/git/NEORV32-SRAM/neorv32-sf2-with-envm/prj_dir/hdl/neorv32_sysinfo.vhd -lib neorv32 /home/tycho/git/NEORV32-SRAM/neorv32-sf2-with-envm/prj_dir/hdl/neorv32_uart.vhd -lib neorv32 /home/tycho/git/NEORV32-SRAM/neorv32-sf2-with-envm/prj_dir/hdl/neorv32_wishbone.vhd -lib neorv32 /home/tycho/git/NEORV32-SRAM/neorv32-sf2-with-envm/prj_dir/hdl/neorv32_bootloader_image.vhd -lib neorv32 /home/tycho/git/NEORV32-SRAM/neorv32-sf2-with-envm/prj_dir/hdl/neorv32_boot_rom.vhd -lib neorv32 /home/tycho/git/NEORV32-SRAM/neorv32-sf2-with-envm/prj_dir/hdl/neorv32_cfs.vhd -lib neorv32 /home/tycho/git/NEORV32-SRAM/neorv32-sf2-with-envm/prj_dir/hdl/neorv32_crc.vhd -lib neorv32 /home/tycho/git/NEORV32-SRAM/neorv32-sf2-with-envm/prj_dir/hdl/neorv32_dcache.vhd -lib neorv32 /home/tycho/git/NEORV32-SRAM/neorv32-sf2-with-envm/prj_dir/hdl/neorv32_debug_dm.vhd -lib neorv32 /home/tycho/git/NEORV32-SRAM/neorv32-sf2-with-envm/prj_dir/hdl/neorv32_debug_dtm.vhd -lib neorv32 /home/tycho/git/NEORV32-SRAM/neorv32-sf2-with-envm/prj_dir/hdl/neorv32_dma.vhd -lib neorv32 /home/tycho/git/NEORV32-SRAM/neorv32-sf2-with-envm/prj_dir/hdl/neorv32_gptmr.vhd -lib neorv32 /home/tycho/git/NEORV32-SRAM/neorv32-sf2-with-envm/prj_dir/hdl/neorv32_icache.vhd -lib neorv32 /home/tycho/git/NEORV32-SRAM/neorv32-sf2-with-envm/prj_dir/hdl/neorv32_imem.entity.vhd -lib neorv32 /home/tycho/git/NEORV32-SRAM/neorv32-sf2-with-envm/prj_dir/hdl/neorv32_imem.default.vhd -lib neorv32 /home/tycho/git/NEORV32-SRAM/neorv32-sf2-with-envm/prj_dir/hdl/neorv32_mtime.vhd -lib neorv32 /home/tycho/git/NEORV32-SRAM/neorv32-sf2-with-envm/prj_dir/hdl/neorv32_neoled.vhd -lib neorv32 /home/tycho/git/NEORV32-SRAM/neorv32-sf2-with-envm/prj_dir/hdl/neorv32_onewire.vhd -lib neorv32 /home/tycho/git/NEORV32-SRAM/neorv32-sf2-with-envm/prj_dir/hdl/neorv32_pwm.vhd -lib neorv32 /home/tycho/git/NEORV32-SRAM/neorv32-sf2-with-envm/prj_dir/hdl/neorv32_sdi.vhd -lib neorv32 /home/tycho/git/NEORV32-SRAM/neorv32-sf2-with-envm/prj_dir/hdl/neorv32_slink.vhd -lib neorv32 /home/tycho/git/NEORV32-SRAM/neorv32-sf2-with-envm/prj_dir/hdl/neorv32_spi.vhd -lib neorv32 /home/tycho/git/NEORV32-SRAM/neorv32-sf2-with-envm/prj_dir/hdl/neorv32_trng.vhd -lib neorv32 /home/tycho/git/NEORV32-SRAM/neorv32-sf2-with-envm/prj_dir/hdl/neorv32_twi.vhd -lib neorv32 /home/tycho/git/NEORV32-SRAM/neorv32-sf2-with-envm/prj_dir/hdl/neorv32_wdt.vhd -lib neorv32 /home/tycho/git/NEORV32-SRAM/neorv32-sf2-with-envm/prj_dir/hdl/neorv32_xip.vhd -lib neorv32 /home/tycho/git/NEORV32-SRAM/neorv32-sf2-with-envm/prj_dir/hdl/neorv32_xirq.vhd -lib neorv32 /home/tycho/git/NEORV32-SRAM/neorv32-sf2-with-envm/prj_dir/hdl/neorv32_top.vhd -lib work /home/tycho/git/NEORV32-SRAM/neorv32-sf2-with-envm/prj_dir/hdl/neorv32_ProcessorTop_Minimal.vhd -lib COREAHBLITE_LIB /home/tycho/git/NEORV32-SRAM/neorv32-sf2-with-envm/prj_dir/component/Actel/DirectCore/CoreAHBLite/5.2.100/rtl/vhdl/core/coreahblite_slavearbiter.vhd -lib COREAHBLITE_LIB /home/tycho/git/NEORV32-SRAM/neorv32-sf2-with-envm/prj_dir/component/Actel/DirectCore/CoreAHBLite/5.2.100/rtl/vhdl/core/coreahblite_slavestage.vhd -lib COREAHBLITE_LIB /home/tycho/git/NEORV32-SRAM/neorv32-sf2-with-envm/prj_dir/component/Actel/DirectCore/CoreAHBLite/5.2.100/rtl/vhdl/core/coreahblite_defaultslavesm.vhd -lib COREAHBLITE_LIB /home/tycho/git/NEORV32-SRAM/neorv32-sf2-with-envm/prj_dir/component/Actel/DirectCore/CoreAHBLite/5.2.100/rtl/vhdl/core/coreahblite_addrdec.vhd -lib COREAHBLITE_LIB /home/tycho/git/NEORV32-SRAM/neorv32-sf2-with-envm/prj_dir/component/Actel/DirectCore/CoreAHBLite/5.2.100/rtl/vhdl/core/coreahblite_masterstage.vhd -lib COREAHBLITE_LIB /home/tycho/git/NEORV32-SRAM/neorv32-sf2-with-envm/prj_dir/component/Actel/DirectCore/CoreAHBLite/5.2.100/rtl/vhdl/core/coreahblite_matrix4x16.vhd -lib COREAHBLITE_LIB /home/tycho/git/NEORV32-SRAM/neorv32-sf2-with-envm/prj_dir/component/Actel/DirectCore/CoreAHBLite/5.2.100/rtl/vhdl/core/coreahblite_pkg.vhd -lib COREAHBLITE_LIB /home/tycho/git/NEORV32-SRAM/neorv32-sf2-with-envm/prj_dir/component/Actel/DirectCore/CoreAHBLite/5.2.100/rtl/vhdl/core/coreahblite.vhd -lib work /home/tycho/git/NEORV32-SRAM/neorv32-sf2-with-envm/prj_dir/component/Actel/DirectCore/CoreResetP/7.1.100/rtl/vhdl/core/coreresetp_pcie_hotreset.vhd -lib work /home/tycho/git/NEORV32-SRAM/neorv32-sf2-with-envm/prj_dir/component/Actel/DirectCore/CoreResetP/7.1.100/rtl/vhdl/core/coreresetp.vhd -lib work /home/tycho/git/NEORV32-SRAM/neorv32-sf2-with-envm/prj_dir/component/work/top_sb/CCC_0/top_sb_CCC_0_FCCC.vhd -lib work /home/tycho/git/NEORV32-SRAM/neorv32-sf2-with-envm/prj_dir/component/Actel/SgCore/OSC/2.0.101/osc_comps.vhd -lib work /home/tycho/git/NEORV32-SRAM/neorv32-sf2-with-envm/prj_dir/component/work/top_sb/FABOSC_0/top_sb_FABOSC_0_OSC.vhd -lib work /home/tycho/git/NEORV32-SRAM/neorv32-sf2-with-envm/prj_dir/component/work/top_sb_HPMS/top_sb_HPMS_syn.vhd -lib work /home/tycho/git/NEORV32-SRAM/neorv32-sf2-with-envm/prj_dir/component/work/top_sb_HPMS/top_sb_HPMS.vhd -lib COREAHBLITE_LIB /home/tycho/git/NEORV32-SRAM/neorv32-sf2-with-envm/prj_dir/component/Actel/DirectCore/CoreAHBLite/5.2.100/rtl/vhdl/core/components.vhd -lib work /home/tycho/git/NEORV32-SRAM/neorv32-sf2-with-envm/prj_dir/component/work/top_sb/top_sb.vhd -lib work /home/tycho/git/NEORV32-SRAM/neorv32-sf2-with-envm/prj_dir/component/work/top/top.vhd  -jobname  "compiler" 
relcom:/usr/local/microchip/Libero_SoC_v2023.1/SynplifyPro/bin/c_hdl -osyn ../synwork/top_comp.srs -top work.top -hdllog ../synlog/top_compiler.srr -encrypt -mp 4 -verification_mode 0 -vhdl -prodtype synplify_pro -infer_seqShift -primux -dspmac -pqdpadd -fixsmult -sdff_counter -divnmod -nram -actel -work_is_curlib 1 -encrypt -pro -dmgen ../dm -lite -ui -fid2 -ram -sharing on -ll 2000 -autosm -vhdl2008 -work_is_curlib 1 -ignore_undefined_lib -lib work ../../hdl/WB2AHBL.vhd -lib neorv32 ../../hdl/neorv32_package.vhd -lib neorv32 ../../hdl/neorv32_intercon.vhd -lib neorv32 ../../hdl/neorv32_cpu_cp_shifter.vhd -lib neorv32 ../../hdl/neorv32_cpu_cp_bitmanip.vhd -lib neorv32 ../../hdl/neorv32_cpu_cp_cfu.vhd -lib neorv32 ../../hdl/neorv32_cpu_cp_fpu.vhd -lib neorv32 ../../hdl/neorv32_cpu_cp_muldiv.vhd -lib neorv32 ../../hdl/neorv32_cpu_alu.vhd -lib neorv32 ../../hdl/neorv32_fifo.vhd -lib neorv32 ../../hdl/neorv32_cpu_decompressor.vhd -lib neorv32 ../../hdl/neorv32_cpu_control.vhd -lib neorv32 ../../hdl/neorv32_cpu_lsu.vhd -lib neorv32 ../../hdl/neorv32_cpu_regfile.vhd -lib neorv32 ../../hdl/neorv32_cpu_pmp.vhd -lib neorv32 ../../hdl/neorv32_cpu.vhd -lib neorv32 ../../hdl/neorv32_dmem.entity.vhd -lib neorv32 ../../hdl/neorv32_dmem.default.vhd -lib neorv32 ../../hdl/neorv32_gpio.vhd -lib neorv32 ../../hdl/neorv32_sysinfo.vhd -lib neorv32 ../../hdl/neorv32_uart.vhd -lib neorv32 ../../hdl/neorv32_wishbone.vhd -lib neorv32 ../../hdl/neorv32_bootloader_image.vhd -lib neorv32 ../../hdl/neorv32_boot_rom.vhd -lib neorv32 ../../hdl/neorv32_cfs.vhd -lib neorv32 ../../hdl/neorv32_crc.vhd -lib neorv32 ../../hdl/neorv32_dcache.vhd -lib neorv32 ../../hdl/neorv32_debug_dm.vhd -lib neorv32 ../../hdl/neorv32_debug_dtm.vhd -lib neorv32 ../../hdl/neorv32_dma.vhd -lib neorv32 ../../hdl/neorv32_gptmr.vhd -lib neorv32 ../../hdl/neorv32_icache.vhd -lib neorv32 ../../hdl/neorv32_imem.entity.vhd -lib neorv32 ../../hdl/neorv32_imem.default.vhd -lib neorv32 ../../hdl/neorv32_mtime.vhd -lib neorv32 ../../hdl/neorv32_neoled.vhd -lib neorv32 ../../hdl/neorv32_onewire.vhd -lib neorv32 ../../hdl/neorv32_pwm.vhd -lib neorv32 ../../hdl/neorv32_sdi.vhd -lib neorv32 ../../hdl/neorv32_slink.vhd -lib neorv32 ../../hdl/neorv32_spi.vhd -lib neorv32 ../../hdl/neorv32_trng.vhd -lib neorv32 ../../hdl/neorv32_twi.vhd -lib neorv32 ../../hdl/neorv32_wdt.vhd -lib neorv32 ../../hdl/neorv32_xip.vhd -lib neorv32 ../../hdl/neorv32_xirq.vhd -lib neorv32 ../../hdl/neorv32_top.vhd -lib work ../../hdl/neorv32_ProcessorTop_Minimal.vhd -lib COREAHBLITE_LIB ../../component/Actel/DirectCore/CoreAHBLite/5.2.100/rtl/vhdl/core/coreahblite_slavearbiter.vhd -lib COREAHBLITE_LIB ../../component/Actel/DirectCore/CoreAHBLite/5.2.100/rtl/vhdl/core/coreahblite_slavestage.vhd -lib COREAHBLITE_LIB ../../component/Actel/DirectCore/CoreAHBLite/5.2.100/rtl/vhdl/core/coreahblite_defaultslavesm.vhd -lib COREAHBLITE_LIB ../../component/Actel/DirectCore/CoreAHBLite/5.2.100/rtl/vhdl/core/coreahblite_addrdec.vhd -lib COREAHBLITE_LIB ../../component/Actel/DirectCore/CoreAHBLite/5.2.100/rtl/vhdl/core/coreahblite_masterstage.vhd -lib COREAHBLITE_LIB ../../component/Actel/DirectCore/CoreAHBLite/5.2.100/rtl/vhdl/core/coreahblite_matrix4x16.vhd -lib COREAHBLITE_LIB ../../component/Actel/DirectCore/CoreAHBLite/5.2.100/rtl/vhdl/core/coreahblite_pkg.vhd -lib COREAHBLITE_LIB ../../component/Actel/DirectCore/CoreAHBLite/5.2.100/rtl/vhdl/core/coreahblite.vhd -lib work ../../component/Actel/DirectCore/CoreResetP/7.1.100/rtl/vhdl/core/coreresetp_pcie_hotreset.vhd -lib work ../../component/Actel/DirectCore/CoreResetP/7.1.100/rtl/vhdl/core/coreresetp.vhd -lib work ../../component/work/top_sb/CCC_0/top_sb_CCC_0_FCCC.vhd -lib work ../../component/Actel/SgCore/OSC/2.0.101/osc_comps.vhd -lib work ../../component/work/top_sb/FABOSC_0/top_sb_FABOSC_0_OSC.vhd -lib work ../../component/work/top_sb_HPMS/top_sb_HPMS_syn.vhd -lib work ../../component/work/top_sb_HPMS/top_sb_HPMS.vhd -lib COREAHBLITE_LIB ../../component/Actel/DirectCore/CoreAHBLite/5.2.100/rtl/vhdl/core/components.vhd -lib work ../../component/work/top_sb/top_sb.vhd -lib work ../../component/work/top/top.vhd -jobname "compiler"
rc:0 success:1 runtime:6
file:../synwork/top_comp.srs|io:o|time:1727963557|size:222591|exec:0|csum:
file:../synlog/top_compiler.srr|io:o|time:1727963557|size:211608|exec:0|csum:
file:../../hdl/WB2AHBL.vhd|io:i|time:1727951196|size:4904|exec:0|csum:3B710F86E3B2AEB5FD3660EFE1CAF3E5
file:../../hdl/neorv32_package.vhd|io:i|time:1727951196|size:75519|exec:0|csum:C3B37A5C608184E8824B0F7FB1E40DD3
file:../../hdl/neorv32_intercon.vhd|io:i|time:1727951196|size:42399|exec:0|csum:6C3111D31BC410E30F7996CF0BA0AEE6
file:../../hdl/neorv32_cpu_cp_shifter.vhd|io:i|time:1727951196|size:8766|exec:0|csum:F091824459C32B96C5A44B135A61E15D
file:../../hdl/neorv32_cpu_cp_bitmanip.vhd|io:i|time:1727951196|size:30866|exec:0|csum:EF87E42DD47EADE7DEE5863833999773
file:../../hdl/neorv32_cpu_cp_cfu.vhd|io:i|time:1727951196|size:23064|exec:0|csum:DAFEB332DA0580432F7CF36CC00ECFF9
file:../../hdl/neorv32_cpu_cp_fpu.vhd|io:i|time:1727951196|size:98631|exec:0|csum:2017FCF9DAA0FE365C01F08DD5AB2B82
file:../../hdl/neorv32_cpu_cp_muldiv.vhd|io:i|time:1727951196|size:15967|exec:0|csum:3672C9EEA0CF0A9F5396B48B0E1A7F09
file:../../hdl/neorv32_cpu_alu.vhd|io:i|time:1727951196|size:16560|exec:0|csum:AE2E95BF59701510EE4BE7BB0F8CD140
file:../../hdl/neorv32_fifo.vhd|io:i|time:1727951196|size:9854|exec:0|csum:2D12A61D4B620C781599054B82C2B435
file:../../hdl/neorv32_cpu_decompressor.vhd|io:i|time:1727951196|size:30080|exec:0|csum:AAB21719F08F25B5AB00D2FE7BE01297
file:../../hdl/neorv32_cpu_control.vhd|io:i|time:1727951196|size:139058|exec:0|csum:A22EF663E8DFAE05C7B14086B281FC11
file:../../hdl/neorv32_cpu_lsu.vhd|io:i|time:1727951196|size:11564|exec:0|csum:AF9AF734AA7FD33ED0C1FCD83741500B
file:../../hdl/neorv32_cpu_regfile.vhd|io:i|time:1727951196|size:10615|exec:0|csum:CFA4EE0532A380173F1E6D3D3854B890
file:../../hdl/neorv32_cpu_pmp.vhd|io:i|time:1727951196|size:18600|exec:0|csum:B6CDAA3E55EBD9F1F98167B13C62D835
file:../../hdl/neorv32_cpu.vhd|io:i|time:1727951196|size:22807|exec:0|csum:CB5BC797E25FF917C7D815DF3B0635D8
file:../../hdl/neorv32_dmem.entity.vhd|io:i|time:1727951196|size:3837|exec:0|csum:141057AA1D086FD7FE086F01362C00AA
file:../../hdl/neorv32_dmem.default.vhd|io:i|time:1727951196|size:6127|exec:0|csum:8D19329A7C73EC67EA9C82C47B9ABD12
file:../../hdl/neorv32_gpio.vhd|io:i|time:1727951196|size:6221|exec:0|csum:B94C8EEAD30680F2F13ADDBFE8D8C6F2
file:../../hdl/neorv32_sysinfo.vhd|io:i|time:1727951196|size:13817|exec:0|csum:5131EDA0D0E024D543AE1DDC65186A5A
file:../../hdl/neorv32_uart.vhd|io:i|time:1727951196|size:25745|exec:0|csum:58969125C79B37FFBD7A236575A97699
file:../../hdl/neorv32_wishbone.vhd|io:i|time:1727951196|size:11922|exec:0|csum:E310C072CAD13504A6A46748C2758A78
file:../../hdl/neorv32_bootloader_image.vhd|io:i|time:1727951196|size:13498|exec:0|csum:6A51E15DA8845B10FAB6F4C86259DB24
file:../../hdl/neorv32_boot_rom.vhd|io:i|time:1727951196|size:5515|exec:0|csum:2F3513879AD9D8C5F87F6BC91F9AC710
file:../../hdl/neorv32_cfs.vhd|io:i|time:1727951196|size:15174|exec:0|csum:880D96FE7AC2683724899585B9D2F928
file:../../hdl/neorv32_crc.vhd|io:i|time:1727951196|size:8241|exec:0|csum:82052F66AFF4DFCE6BBEAC18CF41BF40
file:../../hdl/neorv32_dcache.vhd|io:i|time:1727951196|size:27581|exec:0|csum:EF7FAFBA097C631C99E3E82314ABE7F5
file:../../hdl/neorv32_debug_dm.vhd|io:i|time:1727951196|size:37954|exec:0|csum:F1813C820220F210EC7FE777541ABCCB
file:../../hdl/neorv32_debug_dtm.vhd|io:i|time:1727951196|size:17485|exec:0|csum:D1815B567BA9A99EEC1017352B3BB791
file:../../hdl/neorv32_dma.vhd|io:i|time:1727951196|size:18863|exec:0|csum:1CE88C73FECF315455FE75F66437169A
file:../../hdl/neorv32_gptmr.vhd|io:i|time:1727951196|size:9114|exec:0|csum:425D7D0E29A5B0C0334E0CB4F5E4B649
file:../../hdl/neorv32_icache.vhd|io:i|time:1727951196|size:28505|exec:0|csum:4B0E1856F9297B15A4F33CFAA84D7F44
file:../../hdl/neorv32_imem.entity.vhd|io:i|time:1727951196|size:3924|exec:0|csum:BA2E877C1875973FA22D30B9A0EE6067
file:../../hdl/neorv32_imem.default.vhd|io:i|time:1727951196|size:8247|exec:0|csum:33989A8D6A101BACAD8DB748DD10FE56
file:../../hdl/neorv32_mtime.vhd|io:i|time:1727951196|size:8266|exec:0|csum:BEAD178ECF9A91EF0E89ABD1C578E23A
file:../../hdl/neorv32_neoled.vhd|io:i|time:1727951196|size:19424|exec:0|csum:6B8C9A525B3E0B66DCA85CD37AA592CA
file:../../hdl/neorv32_onewire.vhd|io:i|time:1727951196|size:17330|exec:0|csum:914F374821F4E0E870A5B1F8D10CF306
file:../../hdl/neorv32_pwm.vhd|io:i|time:1727951196|size:9247|exec:0|csum:07D34819E459F4D669A29676940093D1
file:../../hdl/neorv32_sdi.vhd|io:i|time:1727951196|size:16282|exec:0|csum:290C3067868012E6920664AE315E9BBC
file:../../hdl/neorv32_slink.vhd|io:i|time:1727951196|size:13912|exec:0|csum:DC28AAA20A7F7729F4469B46E99E000D
file:../../hdl/neorv32_spi.vhd|io:i|time:1727951196|size:19164|exec:0|csum:6E53D9EB8C9449502E1D2F528B55E085
file:../../hdl/neorv32_trng.vhd|io:i|time:1727951196|size:30318|exec:0|csum:FA77BA32B2355838A8B83CE5AFC2E96C
file:../../hdl/neorv32_twi.vhd|io:i|time:1727951196|size:18946|exec:0|csum:A57159A7CCBA2CCE441C49208BB813DE
file:../../hdl/neorv32_wdt.vhd|io:i|time:1727951196|size:11964|exec:0|csum:7FBCDC9FA22CBD7662E8CDB758618396
file:../../hdl/neorv32_xip.vhd|io:i|time:1727951196|size:31678|exec:0|csum:31B9F5D266147B1EF685A386A35C255E
file:../../hdl/neorv32_xirq.vhd|io:i|time:1727951196|size:10364|exec:0|csum:DD2DB901D900438313638AB22A45030C
file:../../hdl/neorv32_top.vhd|io:i|time:1727951196|size:71178|exec:0|csum:316913851161AC92935B254698C69DE5
file:../../hdl/neorv32_ProcessorTop_Minimal.vhd|io:i|time:1727951196|size:10726|exec:0|csum:E1446D24E3EEEE974C7E24655CDEFF17
file:../../component/Actel/DirectCore/CoreAHBLite/5.2.100/rtl/vhdl/core/coreahblite_slavearbiter.vhd|io:i|time:1727951196|size:17249|exec:0|csum:249104C050C52C1F4E8C12C80DF1AD60
file:../../component/Actel/DirectCore/CoreAHBLite/5.2.100/rtl/vhdl/core/coreahblite_slavestage.vhd|io:i|time:1727951196|size:12256|exec:0|csum:1CB8A32AD552AD7F8E55D488FE911905
file:../../component/Actel/DirectCore/CoreAHBLite/5.2.100/rtl/vhdl/core/coreahblite_defaultslavesm.vhd|io:i|time:1727951196|size:2760|exec:0|csum:DD984185DF650745294823F30D8A23CB
file:../../component/Actel/DirectCore/CoreAHBLite/5.2.100/rtl/vhdl/core/coreahblite_addrdec.vhd|io:i|time:1727951196|size:11199|exec:0|csum:A6B7CCDAD3661E4065854D3E2BD549E9
file:../../component/Actel/DirectCore/CoreAHBLite/5.2.100/rtl/vhdl/core/coreahblite_masterstage.vhd|io:i|time:1727951196|size:30586|exec:0|csum:00EA45113F03BF27D8D1D11F90BF2E45
file:../../component/Actel/DirectCore/CoreAHBLite/5.2.100/rtl/vhdl/core/coreahblite_matrix4x16.vhd|io:i|time:1727951196|size:426134|exec:0|csum:FA27294DBFC0F7D09DD41D62FE33806A
file:../../component/Actel/DirectCore/CoreAHBLite/5.2.100/rtl/vhdl/core/coreahblite_pkg.vhd|io:i|time:1727951196|size:425|exec:0|csum:1E6A5D075D6B810DC48445425F6A9352
file:../../component/Actel/DirectCore/CoreAHBLite/5.2.100/rtl/vhdl/core/coreahblite.vhd|io:i|time:1727951196|size:62288|exec:0|csum:4DE6C418E10217D85A087140F3BCEF47
file:../../component/Actel/DirectCore/CoreResetP/7.1.100/rtl/vhdl/core/coreresetp_pcie_hotreset.vhd|io:i|time:1727951196|size:9297|exec:0|csum:2F5AE76B5ACAE1B72D4619B1616D0509
file:../../component/Actel/DirectCore/CoreResetP/7.1.100/rtl/vhdl/core/coreresetp.vhd|io:i|time:1727951196|size:75054|exec:0|csum:C4BEE222936686214D9DC1E1AEC9A733
file:../../component/work/top_sb/CCC_0/top_sb_CCC_0_FCCC.vhd|io:i|time:1727951196|size:5420|exec:0|csum:E8C103D5F338542C5BB837FDD2BF5013
file:../../component/Actel/SgCore/OSC/2.0.101/osc_comps.vhd|io:i|time:1727951196|size:2164|exec:0|csum:C27C0C6223A4F3EA9037F8B61C4569C3
file:../../component/work/top_sb/FABOSC_0/top_sb_FABOSC_0_OSC.vhd|io:i|time:1727951196|size:1504|exec:0|csum:35954077411A745F655737455F6C6115
file:../../component/work/top_sb_HPMS/top_sb_HPMS_syn.vhd|io:i|time:1727951196|size:70624|exec:0|csum:BF5D61F8424A5E921BAA221271F0B151
file:../../component/work/top_sb_HPMS/top_sb_HPMS.vhd|io:i|time:1727951196|size:79883|exec:0|csum:5BFFB7D94668357D2D1BD113A447EFC1
file:../../component/Actel/DirectCore/CoreAHBLite/5.2.100/rtl/vhdl/core/components.vhd|io:i|time:1727951196|size:18793|exec:0|csum:1CC3030D5418F48D4533E158F66345F9
file:../../component/work/top_sb/top_sb.vhd|io:i|time:1727951196|size:51748|exec:0|csum:68C7B3E218BDD5B88C1DD26CA6474AAA
file:../../component/work/top/top.vhd|io:i|time:1727951196|size:14255|exec:0|csum:8D5A6BCD2136C49FD3E5685349C42B2A
file:/usr/local/microchip/Libero_SoC_v2023.1/SynplifyPro/linux_a_64/c_hdl|io:i|time:1679050979|size:10901800|exec:1|csum:EFCA8C09B8A3C0233206A0BD0615AB29
file:/usr/local/microchip/Libero_SoC_v2023.1/SynplifyPro/bin/c_hdl|io:i|time:1679050963|size:367|exec:1|csum:E52A0D56112AD6C22F02B648B6F508CE
